Tue, 06 Sep 2016 09:40:09 +0800	[2]file_put_contents(/Applications/MAMP/htdocs/mfd2//upload/images/diy/1142b5a1dbcfe4344b8ae6faae716082.jpg): failed to open stream: No such file or directory	vendors/Cyteam/Shop/Type/FdiyBase.php	18
Tue, 06 Sep 2016 09:40:17 +0800	[2]file_put_contents(/Applications/MAMP/htdocs/mfd2//upload/images/diy/d303cac2b86c9edd5bf0a61247fa0c31.jpg): failed to open stream: No such file or directory	vendors/Cyteam/Shop/Type/FdiyBase.php	18
Tue, 06 Sep 2016 09:40:20 +0800	[2]file_put_contents(/Applications/MAMP/htdocs/mfd2//upload/images/diy/70ee1295ee47d40c2b0ed58e97f77ab3.jpg): failed to open stream: No such file or directory	vendors/Cyteam/Shop/Type/FdiyBase.php	18
Tue, 06 Sep 2016 09:41:51 +0800	[2]file_put_contents(/Applications/MAMP/htdocs/mfd2//upload/images/diy/fa258fd3b6d279d1685cb6c0af81cc09.jpg): failed to open stream: No such file or directory	vendors/Cyteam/Shop/Type/FdiyBase.php	18
Tue, 06 Sep 2016 10:16:25 +0800	[2]file_put_contents(/Applications/MAMP/htdocs/mfd2//upload/images/diy/b5c6fdf3e0fc55234eb8d1d54b406a96.jpg): failed to open stream: No such file or directory	vendors/Cyteam/Shop/Type/FdiyBase.php	18
Tue, 06 Sep 2016 10:16:28 +0800	[2]file_put_contents(/Applications/MAMP/htdocs/mfd2//upload/images/diy/4008e76c4af223dcd5bfdb8971b96cf9.jpg): failed to open stream: No such file or directory	vendors/Cyteam/Shop/Type/FdiyBase.php	18
Tue, 06 Sep 2016 10:19:36 +0800	[2]file_put_contents(/Applications/MAMP/htdocs/mfd2//upload/images/diy/f744411e57fc54af6ada7efc1d076ea7.jpg): failed to open stream: No such file or directory	vendors/Cyteam/Shop/Type/FdiyBase.php	18
Tue, 06 Sep 2016 10:24:04 +0800	[2]file_put_contents(/Applications/MAMP/htdocs/mfd2//upload/images/diy/138c2e14e43efa04a1b82fd1f8fe34de.jpg): failed to open stream: No such file or directory	vendors/Cyteam/Shop/Type/FdiyBase.php	18
Tue, 06 Sep 2016 14:29:27 +0800	[2]array_merge(): Argument #2 is not an array	m/app/fdiy.app.php	69
Wed, 07 Sep 2016 13:39:27 +0800	[256]Unkown database type.	h5/eccore/rctailor.php	616
Wed, 07 Sep 2016 14:00:10 +0800	[2]file_put_contents(/Applications/MAMP/htdocs/mfd2//upload/images/diy/91a51082a84c329e9accbb7f159db53d.jpg): failed to open stream: No such file or directory	vendors/Cyteam/Shop/Type/FdiyBase.php	18
Wed, 07 Sep 2016 14:00:57 +0800	[2]file_put_contents(/Applications/MAMP/htdocs/mfd2//upload/images/diy/567fdc48d113b7463fcded6494cfb967.jpg): failed to open stream: No such file or directory	vendors/Cyteam/Shop/Type/FdiyBase.php	18
Wed, 07 Sep 2016 14:02:51 +0800	[2]file_put_contents(/Applications/MAMP/htdocs/mfd2//upload/images/diy/e054813d1d49c77a879667285e7705e0.jpg): failed to open stream: No such file or directory	vendors/Cyteam/Shop/Type/FdiyBase.php	18
Wed, 07 Sep 2016 14:06:27 +0800	[2]file_put_contents(/Applications/MAMP/htdocs/mfd2//upload/images/diy/021aefe9ec2f34908f1c1309ec0accf0.jpg): failed to open stream: No such file or directory	vendors/Cyteam/Shop/Type/FdiyBase.php	18
Wed, 07 Sep 2016 14:06:56 +0800	[2]file_put_contents(/Applications/MAMP/htdocs/mfd2//upload/images/diy/e583e50860115eb46e90fbca093e0f95.jpg): failed to open stream: No such file or directory	vendors/Cyteam/Shop/Type/FdiyBase.php	18
Wed, 07 Sep 2016 14:36:12 +0800	[2]include(/Applications/MAMP/htdocs/mfd2/includes/payments/wxpay/payment.info.php): failed to open stream: No such file or directory	/includes/models/payment.model.php	150
Wed, 07 Sep 2016 15:13:15 +0800	[256]MySQL Error[1054]: Unknown column 'wxpay' in 'where clause'
MySQL Query:SELECT *,payment.payment_id FROM cf_payment payment WHERE payment_code = wxpay ORDER BY sort_order DESC
Wrong File:  /Applications/MAMP/htdocs/mfd2/eccore/model/mysql.php[566]	eccore/model/mysql.php	319
Fri, 09 Sep 2016 11:05:37 +0800	[256]MySQL Error[1054]: Unknown column 'cat_name' in 'where clause'
MySQL Query:SELECT *,fbc.cate_id FROM cf_fbcategory fbc WHERE parent_id IN ('22','23','24','39','60','73') AND cat_name like '%啊%' AND if_show =1 ORDER BY sort_order ASC
Wrong File:  /Applications/MAMP/htdocs/mfd2/eccore/model/mysql.php[566]	eccore/model/mysql.php	319
Fri, 09 Sep 2016 11:06:01 +0800	[256]MySQL Error[1064]: You have an error in your SQL syntax; check the manual that corresponds to your MySQL server version for the right syntax to use near '%\xE5\x95\x8A%  AND if_show =1 ORDER BY sort_order ASC' at line 1
MySQL Query:SELECT *,fbc.cate_id FROM cf_fbcategory fbc WHERE parent_id IN ('22','23','24','39','60','73') AND cat_name like %啊%  AND if_show =1 ORDER BY sort_order ASC
Wrong File:  /Applications/MAMP/htdocs/mfd2/eccore/model/mysql.php[566]	eccore/model/mysql.php	319
Fri, 09 Sep 2016 11:06:15 +0800	[256]MySQL Error[1064]: You have an error in your SQL syntax; check the manual that corresponds to your MySQL server version for the right syntax to use near '%'\xE5\x95\x8A'%  AND if_show =1 ORDER BY sort_order ASC' at line 1
MySQL Query:SELECT *,fbc.cate_id FROM cf_fbcategory fbc WHERE parent_id IN ('22','23','24','39','60','73') AND cat_name like %'啊'%  AND if_show =1 ORDER BY sort_order ASC
Wrong File:  /Applications/MAMP/htdocs/mfd2/eccore/model/mysql.php[566]	eccore/model/mysql.php	319
Fri, 09 Sep 2016 11:06:35 +0800	[256]MySQL Error[1054]: Unknown column 'cat_name' in 'where clause'
MySQL Query:SELECT *,fbc.cate_id FROM cf_fbcategory fbc WHERE parent_id IN ('22','23','24','39','60','73') AND cat_name like '%啊%'  AND if_show =1 ORDER BY sort_order ASC
Wrong File:  /Applications/MAMP/htdocs/mfd2/eccore/model/mysql.php[566]	eccore/model/mysql.php	319
Sun, 18 Sep 2016 10:48:23 +0800	[2]Illegal offset type	includes/libraries/diys.lib.php	319
Sun, 18 Sep 2016 10:52:17 +0800	[2]Illegal offset type	includes/libraries/diys.lib.php	320
Sun, 18 Sep 2016 11:03:44 +0800	[2]trim() expects parameter 1 to be string, array given	includes/libraries/diys.lib.php	333
Sun, 18 Sep 2016 14:42:32 +0800	[256]MySQL Error[1054]: Unknown column 'base_material.id' in 'field list'
MySQL Query:SELECT *,base_material.id FROM cf_base_material base_material WHERE cate_id=39 AND age_id=35
Wrong File:  /Applications/MAMP/htdocs/mfd2/eccore/model/mysql.php[566]	eccore/model/mysql.php	319
Wed, 21 Sep 2016 18:06:54 +0800	[2]Missing argument 3 for Cyteam\Shop\Type\FdiyBase::fmoatPrice(), called in /Applications/MAMP/htdocs/mfd2/vendors/Cyteam/Shop/Type/FdiyBase.php on line 69 and defined	vendors/Cyteam/Shop/Type/FdiyBase.php	207
Wed, 21 Sep 2016 18:06:58 +0800	[2]Missing argument 3 for Cyteam\Shop\Type\FdiyBase::fmoatPrice(), called in /Applications/MAMP/htdocs/mfd2/vendors/Cyteam/Shop/Type/FdiyBase.php on line 69 and defined	vendors/Cyteam/Shop/Type/FdiyBase.php	207
Thu, 22 Sep 2016 16:35:57 +0800	[2]array_unshift() expects parameter 1 to be array, null given	/admin/app/order.app.php	2200
Thu, 22 Sep 2016 16:36:20 +0800	[2]array_unshift() expects parameter 1 to be array, null given	/admin/app/order.app.php	2200
Fri, 23 Sep 2016 13:34:19 +0800	[2]array_unshift() expects parameter 1 to be array, null given	/admin/app/order.app.php	2205
Fri, 23 Sep 2016 18:14:59 +0800	[2]Missing argument 5 for Cyteam\Shop\Type\FdiyBase::fmoatPrice(), called in /Applications/MAMP/htdocs/mfd2/includes/libraries/diys.lib.php on line 244 and defined	vendors/Cyteam/Shop/Type/FdiyBase.php	217
Fri, 23 Sep 2016 18:15:24 +0800	[2]Missing argument 5 for Cyteam\Shop\Type\FdiyBase::fmoatPrice(), called in /Applications/MAMP/htdocs/mfd2/includes/libraries/diys.lib.php on line 244 and defined	vendors/Cyteam/Shop/Type/FdiyBase.php	217
Fri, 23 Sep 2016 18:16:24 +0800	[2]Missing argument 5 for Cyteam\Shop\Type\FdiyBase::fmoatPrice(), called in /Applications/MAMP/htdocs/mfd2/includes/libraries/diys.lib.php on line 244 and defined	vendors/Cyteam/Shop/Type/FdiyBase.php	217
Sat, 24 Sep 2016 11:23:23 +0800	[256]MySQL Error[1146]: Table 'project_mfdplatform.cf_material' doesn't exist
MySQL Query:SELECT COUNT(*) as c FROM cf_material m LEFT JOIN cf_fbcategory fbc ON m.taste_id=fbc.cate_id WHERE  1=1 
Wrong File:  /Applications/MAMP/htdocs/mfd2/eccore/model/mysql.php[490]	/eccore/model/mysql.php	319
Sat, 24 Sep 2016 11:23:24 +0800	[256]MySQL Error[1146]: Table 'project_mfdplatform.cf_material' doesn't exist
MySQL Query:SELECT COUNT(*) as c FROM cf_material m LEFT JOIN cf_fbcategory fbc ON m.taste_id=fbc.cate_id WHERE  1=1 
Wrong File:  /Applications/MAMP/htdocs/mfd2/eccore/model/mysql.php[490]	/eccore/model/mysql.php	319
Sat, 24 Sep 2016 11:23:24 +0800	[256]MySQL Error[1146]: Table 'project_mfdplatform.cf_material' doesn't exist
MySQL Query:SELECT COUNT(*) as c FROM cf_material m LEFT JOIN cf_fbcategory fbc ON m.taste_id=fbc.cate_id WHERE  1=1 
Wrong File:  /Applications/MAMP/htdocs/mfd2/eccore/model/mysql.php[490]	/eccore/model/mysql.php	319
Sat, 24 Sep 2016 11:23:25 +0800	[256]MySQL Error[1146]: Table 'project_mfdplatform.cf_material' doesn't exist
MySQL Query:SELECT COUNT(*) as c FROM cf_material m LEFT JOIN cf_fbcategory fbc ON m.taste_id=fbc.cate_id WHERE  1=1 
Wrong File:  /Applications/MAMP/htdocs/mfd2/eccore/model/mysql.php[490]	/eccore/model/mysql.php	319
Sat, 24 Sep 2016 11:23:25 +0800	[256]MySQL Error[1146]: Table 'project_mfdplatform.cf_material' doesn't exist
MySQL Query:SELECT COUNT(*) as c FROM cf_material m LEFT JOIN cf_fbcategory fbc ON m.taste_id=fbc.cate_id WHERE  1=1 
Wrong File:  /Applications/MAMP/htdocs/mfd2/eccore/model/mysql.php[490]	/eccore/model/mysql.php	319
Fri, 30 Sep 2016 15:48:46 +0800	[2]array_column(): The column key should be either a string or an integer	h5/includes/functions.lib.php	1187
Fri, 30 Sep 2016 15:48:55 +0800	[2]array_column(): The column key should be either a string or an integer	h5/includes/functions.lib.php	1187
