Wed, 05 Apr 2017 10:30:37 +0800	[256]MySQL Error[1064]: You have an error in your SQL syntax; check the manual that corresponds to your MySQL server version for the right syntax to use near 'm3n9','0.50','','0','','','1','11','1491359437','1491359437','','0','5','\xE6\x9' at line 1
MySQL Query:INSERT INTO cf_order(order_sn,extension,discount,goods_amount,final_amount,order_amount,money_amount,profit_amount,coin,point_g,user_id,user_name,bd_dis_count,cy_dis_count,has_measure,one_num,one_id,one_status,status,add_time,last_modified,measure,is_gift,payment_id,payment_name,payment_code,ship_area,ship_area_id,ship_addr,ship_name,ship_zip,ship_mobile,ship_tel,ship_email,delivery_time,shipping_id,measure_fee,shipping,ship_store,invoice_need,invoice_type,invoice_title,invoice_com,memo,source_from) VALUES('201704051154','news','0','29','29','29','0','0','0','2.9','6','L1'm3n9','0.50','','0','','','1','11','1491359437','1491359437','','0','5','支付宝','alipay','中国	山东省	青岛','2,246,248','红领大街17号','王斌','555564','15866820225','15866820225','','1','39','0','收货地址','0','0','','','','','pc')
Wrong File:  /Applications/MAMP/htdocs/mfd2/eccore/model/model.base.php[307]	/eccore/model/mysql.php	319
Wed, 05 Apr 2017 10:31:08 +0800	[256]MySQL Error[1064]: You have an error in your SQL syntax; check the manual that corresponds to your MySQL server version for the right syntax to use near 'm3n9','0.50','','0','','','1','11','1491359468','1491359468','','0','5','\xE6\x9' at line 1
MySQL Query:INSERT INTO cf_order(order_sn,extension,discount,goods_amount,final_amount,order_amount,money_amount,profit_amount,coin,point_g,user_id,user_name,bd_dis_count,cy_dis_count,has_measure,one_num,one_id,one_status,status,add_time,last_modified,measure,is_gift,payment_id,payment_name,payment_code,ship_area,ship_area_id,ship_addr,ship_name,ship_zip,ship_mobile,ship_tel,ship_email,delivery_time,shipping_id,measure_fee,shipping,ship_store,invoice_need,invoice_type,invoice_title,invoice_com,memo,source_from) VALUES('201704054252','news','0','29','29','29','0','0','0','2.9','6','L1'm3n9','0.50','','0','','','1','11','1491359468','1491359468','','0','5','支付宝','alipay','中国	山东省	青岛','2,246,248','红领大街17号','王斌','555564','15866820225','15866820225','','1','39','0','收货地址','0','0','','','','','pc')
Wrong File:  /Applications/MAMP/htdocs/mfd2/eccore/model/model.base.php[307]	/eccore/model/mysql.php	319
Wed, 05 Apr 2017 11:07:33 +0800	[256]MySQL Error[1064]: You have an error in your SQL syntax; check the manual that corresponds to your MySQL server version for the right syntax to use near 'm3n9','0.50','','0','','','1','11','1491361653','1491361653','','0','5','\xE6\x9' at line 1
MySQL Query:INSERT INTO cf_order(order_sn,extension,discount,goods_amount,final_amount,order_amount,money_amount,profit_amount,coin,point_g,user_id,user_name,bd_dis_count,cy_dis_count,has_measure,one_num,one_id,one_status,status,add_time,last_modified,measure,is_gift,payment_id,payment_name,payment_code,ship_area,ship_area_id,ship_addr,ship_name,ship_zip,ship_mobile,ship_tel,ship_email,delivery_time,shipping_id,measure_fee,shipping,ship_store,invoice_need,invoice_type,invoice_title,invoice_com,memo,source_from) VALUES('201704054684','news','0','29','29','29','0','0','0','2.9','6','L1'm3n9','0.50','','0','','','1','11','1491361653','1491361653','','0','5','支付宝','alipay','中国	山东省	青岛','2,246,248','红领大街17号','王斌','555564','15866820225','15866820225','','1','39','0','收货地址','0','0','','','','','pc')
Wrong File:  /Applications/MAMP/htdocs/mfd2/eccore/model/model.base.php[307]	/eccore/model/mysql.php	319
Thu, 06 Apr 2017 16:46:27 +0800	[2]imagecreatefrompng(): gd-png:  fatal libpng error: IDAT: invalid bit length repeat	/app/fdiy.app.php	285
Thu, 06 Apr 2017 16:46:58 +0800	[2]imagecreatefrompng(): gd-png:  fatal libpng error: IDAT: invalid code lengths set	/app/fdiy.app.php	285
Thu, 06 Apr 2017 16:47:19 +0800	[2]imagecreatefrompng(): gd-png:  fatal libpng error: IDAT: invalid code lengths set	/app/fdiy.app.php	285
Thu, 06 Apr 2017 16:52:46 +0800	[2]imagecreatetruecolor(): Invalid image dimensions	/app/fdiy.app.php	314
Fri, 07 Apr 2017 16:55:59 +0800	[2]Invalid argument supplied for foreach()	/mfd/app/order.app.php	2415
Fri, 07 Apr 2017 17:15:05 +0800	[2]Illegal string offset 'final_amount'	/mfd/app/order.app.php	2521
Fri, 07 Apr 2017 17:15:38 +0800	[2]Illegal string offset 'final_amount'	/mfd/app/order.app.php	2521
Fri, 07 Apr 2017 17:17:15 +0800	[2]date() expects parameter 2 to be long, string given	/mfd/app/order.app.php	2524
Fri, 07 Apr 2017 17:18:43 +0800	[2]Illegal string offset 'ship_name'	/mfd/app/order.app.php	2526
Sat, 08 Apr 2017 10:41:08 +0800	[256]MySQL Error[1064]: You have an error in your SQL syntax; check the manual that corresponds to your MySQL server version for the right syntax to use near 'desc) VALUES('10','15122222222{"is_feed":"1","cat_id":"58","age_id":"42","UM_dis' at line 1
MySQL Query:INSERT INTO cf_order_cash_log(order_id,desc) VALUES('10','15122222222{"is_feed":"1","cat_id":"58","age_id":"42","UM_distinctid":"15ab7389cee62-06c7c75506d03b-1d3d6851-13c680-15ab7389cef173","mfd_ID":"a3fcd0b98f6a684ee0a03d91ee2c183b6c82df89","wkey":"uyxD8Yu0eASsKNTL2mhGH9sL5FJG+X1oZPmRB8KUeQxOZpUgFDAUamuZmNWA"}')
Wrong File:  /Applications/MAMP/htdocs/mfd2/h5/eccore/model/model.base.php[305]	eccore/model/mysql.php	319
Sat, 08 Apr 2017 10:42:05 +0800	[256]MySQL Error[1064]: You have an error in your SQL syntax; check the manual that corresponds to your MySQL server version for the right syntax to use near 'desc) VALUES('10','{"is_feed":"1","cat_id":"58","age_id":"42","UM_distinctid":"1' at line 1
MySQL Query:INSERT INTO cf_order_cash_log(order_id,desc) VALUES('10','{"is_feed":"1","cat_id":"58","age_id":"42","UM_distinctid":"15ab7389cee62-06c7c75506d03b-1d3d6851-13c680-15ab7389cef173","mfd_ID":"a3fcd0b98f6a684ee0a03d91ee2c183b6c82df89","wkey":"uyxD8Yu0eASsKNTL2mhGH9sL5FJG+X1oZPmRB8KUeQxOZpUgFDAUamuZmNWA"}')
Wrong File:  /Applications/MAMP/htdocs/mfd2/h5/eccore/model/model.base.php[305]	eccore/model/mysql.php	319
Sat, 08 Apr 2017 10:42:46 +0800	[256]MySQL Error[1064]: You have an error in your SQL syntax; check the manual that corresponds to your MySQL server version for the right syntax to use near 'desc,add_time) VALUES('10','{"is_feed":"1","cat_id":"58","age_id":"42","UM_disti' at line 1
MySQL Query:INSERT INTO cf_order_cash_log(order_id,desc,add_time) VALUES('10','{"is_feed":"1","cat_id":"58","age_id":"42","UM_distinctid":"15ab7389cee62-06c7c75506d03b-1d3d6851-13c680-15ab7389cef173","mfd_ID":"a3fcd0b98f6a684ee0a03d91ee2c183b6c82df89","wkey":"uyxD8Yu0eASsKNTL2mhGH9sL5FJG+X1oZPmRB8KUeQxOZpUgFDAUamuZmNWA"}','1491619366')
Wrong File:  /Applications/MAMP/htdocs/mfd2/h5/eccore/model/model.base.php[305]	eccore/model/mysql.php	319
Sat, 08 Apr 2017 10:43:58 +0800	[256]MySQL Error[1064]: You have an error in your SQL syntax; check the manual that corresponds to your MySQL server version for the right syntax to use near 'desc,add_time) VALUES('10','{"is_feed":"1","cat_id":"58","age_id":"42"}','149161' at line 1
MySQL Query:INSERT INTO cf_order_cash_log(order_id,desc,add_time) VALUES('10','{"is_feed":"1","cat_id":"58","age_id":"42"}','1491619438')
Wrong File:  /Applications/MAMP/htdocs/mfd2/h5/eccore/model/model.base.php[305]	eccore/model/mysql.php	319
Sat, 08 Apr 2017 10:45:19 +0800	[256]MySQL Error[1064]: You have an error in your SQL syntax; check the manual that corresponds to your MySQL server version for the right syntax to use near 'desc,add_time) VALUES('10','{"is_feed":"1","cat_id":"58","age_id":"42"}','149161' at line 1
MySQL Query:INSERT INTO cf_order_cash_log(order_id,desc,add_time) VALUES('10','{"is_feed":"1","cat_id":"58","age_id":"42"}','1491619519')
Wrong File:  /Applications/MAMP/htdocs/mfd2/h5/eccore/model/model.base.php[305]	eccore/model/mysql.php	319
Sat, 08 Apr 2017 10:46:20 +0800	[256]MySQL Error[1054]: Unknown column 'desc' in 'field list'
MySQL Query:INSERT INTO cf_order_cash_log(order_id,`desc`,add_time) VALUES('10','{"is_feed":"1","cat_id":"58","age_id":"42"}','1491619580')
Wrong File:  /Applications/MAMP/htdocs/mfd2/h5/eccore/model/model.base.php[305]	eccore/model/mysql.php	319
Sat, 08 Apr 2017 16:45:39 +0800	[256]MySQL Error[1064]: You have an error in your SQL syntax; check the manual that corresponds to your MySQL server version for the right syntax to use near '\xE5\x9B\xBD";}','1491641139')' at line 1
MySQL Query:INSERT INTO cf_order_cash_error_log(order_id,`desc`,add_time) VALUES('10','a:10:{s:7:"is_feed";s:1:"1";s:6:"cat_id";s:2:"58";s:6:"age_id";s:2:"42";s:13:"UM_distinctid";s:59:"15ab7389cee62-06c7c75506d03b-1d3d6851-13c680-15ab7389cef173";s:6:"mfd_ID";s:40:"a3fcd0b98f6a684ee0a03d91ee2c183b6c82df89";s:4:"wkey";s:60:"uyxD8Yu0eASsKNTL2mhGH9sL5FJG+X1oZPmRB8KUeQxOZpUgFDAUamuZmNWA";s:9:"curr_page";s:1:"1";s:32:"bd52ae8f39f71108b50990d708f794de";s:26:"a:1:{s:5:\"check\";a:0:{}}";s:6:"server";a:37:{s:15:"REDIRECT_STATUS";s:3:"200";s:9:"HTTP_HOST";s:9:"m.mfd.com";s:14:"CONTENT_LENGTH";s:2:"29";s:11:"HTTP_ACCEPT";s:46:"application/json, text/javascript, */*; q=0.01";s:11:"HTTP_ORIGIN";s:16:"http://m.mfd.com";s:21:"HTTP_X_REQUESTED_WITH";s:14:"XMLHttpRequest";s:15:"HTTP_USER_AGENT";s:121:"Mozilla/5.0 (Macintosh; Intel Mac OS X 10_10_5) AppleWebKit/537.36 (KHTML, like Gecko) Chrome/57.0.2987.133 Safari/537.36";s:12:"CONTENT_TYPE";s:48:"application/x-www-form-urlencoded; charset=UTF-8";s:12:"HTTP_REFERER";s:36:"http://m.mfd.com/fdiy-index3-58.html";s:20:"HTTP_ACCEPT_ENCODING";s:13:"gzip, deflate";s:20:"HTTP_ACCEPT_LANGUAGE";s:23:"zh-CN,zh;q=0.8,en;q=0.6";s:11:"HTTP_COOKIE";s:289:"UM_distinctid=15ab7389cee62-06c7c75506d03b-1d3d6851-13c680-15ab7389cef173; mfd_ID=a3fcd0b98f6a684ee0a03d91ee2c183b6c82df89; wkey=uyxD8Yu0eASsKNTL2mhGH9sL5FJG%2BX1oZPmRB8KUeQxOZpUgFDAUamuZmNWA; curr_page=1; bd52ae8f39f71108b50990d708f794de=a%3A1%3A%7Bs%3A5%3A%22check%22%3Ba%3A0%3A%7B%7D%7D";s:4:"PATH";s:29:"/usr/bin:/bin:/usr/sbin:/sbin";s:16:"SERVER_SIGNATURE";s:0:"";s:15:"SERVER_SOFTWARE";s:6:"Apache";s:11:"SERVER_NAME";s:9:"m.mfd.com";s:11:"SERVER_ADDR";s:9:"127.0.0.1";s:11:"SERVER_PORT";s:2:"80";s:11:"REMOTE_ADDR";s:9:"127.0.0.1";s:13:"DOCUMENT_ROOT";s:33:"/Applications/MAMP/htdocs/mfd2/h5";s:12:"SERVER_ADMIN";s:15:"you@example.com";s:15:"SCRIPT_FILENAME";s:43:"/Applications/MAMP/htdocs/mfd2/h5/index.php";s:11:"REMOTE_PORT";s:5:"50630";s:12:"REDIRECT_URL";s:19:"/fdiy-formFeed.html";s:17:"GATEWAY_INTERFACE";s:7:"CGI/1.1";s:15:"SERVER_PROTOCOL";s:8:"HTTP/1.1";s:14:"REQUEST_METHOD";s:4:"POST";s:12:"QUERY_STRING";s:0:"";s:11:"REQUEST_URI";s:19:"/fdiy-formFeed.html";s:11:"SCRIPT_NAME";s:10:"/index.php";s:9:"PATH_INFO";s:19:"/fdiy-formFeed.html";s:15:"PATH_TRANSLATED";s:38:"redirect:/index.php/fdiy-formFeed.html";s:8:"PHP_SELF";s:29:"/index.php/fdiy-formFeed.html";s:18:"REQUEST_TIME_FLOAT";d:1491641139.493999958038330078125;s:12:"REQUEST_TIME";i:1491641139;s:4:"argv";a:0:{}s:4:"argc";i:0;}s:9:"user_name";s:7:"中'国";}','1491641139')
Wrong File:  /Applications/MAMP/htdocs/mfd2/h5/eccore/model/model.base.php[305]	eccore/model/mysql.php	319
Tue, 11 Apr 2017 15:09:35 +0800	[256]MySQL Error[1146]: Table 'project_mfdplatform.cf_user_group' doesn't exist
MySQL Query:SELECT COUNT(*) as c FROM cf_user_group user_group WHERE 1=1  AND group_id = 2
Wrong File:  /Applications/MAMP/htdocs/mfd2/eccore/model/mysql.php[490]	/eccore/model/mysql.php	319
Tue, 11 Apr 2017 15:11:07 +0800	[256]MySQL Error[1054]: Unknown column 'user_name' in 'field list'
MySQL Query:SELECT user_name,real_name,group_priv.group_id FROM cf_group_priv group_priv WHERE 1=1 AND  group_id = 2
Wrong File:  /Applications/MAMP/htdocs/mfd2/eccore/model/mysql.php[566]	/eccore/model/mysql.php	319
Tue, 11 Apr 2017 15:11:27 +0800	[256]MySQL Error[1054]: Unknown column 'user_name' in 'field list'
MySQL Query:SELECT user_name,real_name,group_priv.group_id FROM cf_group_priv group_priv WHERE 1=1 AND  group_id = 2
Wrong File:  /Applications/MAMP/htdocs/mfd2/eccore/model/mysql.php[566]	/eccore/model/mysql.php	319
Tue, 11 Apr 2017 15:32:56 +0800	[256]MySQL Error[1054]: Unknown column 'privs' in 'field list'
MySQL Query:INSERT INTO cf_member(user_id,privs) VALUES('898','default|all,operation|all,appset|all,icategory|all,messagetemplate|all,satnav|all,shuffling|all,motif|all')
Wrong File:  /Applications/MAMP/htdocs/mfd2/eccore/model/model.base.php[307]	/eccore/model/mysql.php	319
Tue, 11 Apr 2017 15:53:03 +0800	[2]Illegal string offset 'user_id'	/mfd/app/admin.app.php	260
Wed, 12 Apr 2017 15:58:07 +0800	[2]file_put_contents() expects at least 2 parameters, 1 given	/eccore/model/model.base.php	561
Wed, 12 Apr 2017 16:13:17 +0800	[2]file_put_contents(/Applications/MAMP/htdocs/mfd2/upload/upcf_order/cf_order.txt): failed to open stream: No such file or directory	/eccore/model/model.base.php	561
Wed, 26 Apr 2017 09:18:54 +0800	[256]MySQL Error[1064]: You have an error in your SQL syntax; check the manual that corresponds to your MySQL server version for the right syntax to use near '' at line 1
MySQL Query:SELECT *,shipping.shipping_id FROM cf_shipping shipping WHERE shipping_id=
Wrong File:  /Applications/MAMP/htdocs/mfd2/eccore/model/mysql.php[566]	/eccore/model/mysql.php	319
Wed, 26 Apr 2017 09:19:28 +0800	[256]MySQL Error[1064]: You have an error in your SQL syntax; check the manual that corresponds to your MySQL server version for the right syntax to use near '' at line 1
MySQL Query:SELECT *,shipping.shipping_id FROM cf_shipping shipping WHERE shipping_id=
Wrong File:  /Applications/MAMP/htdocs/mfd2/eccore/model/mysql.php[566]	/eccore/model/mysql.php	319
Wed, 26 Apr 2017 10:23:10 +0800	[256]MySQL Error[1064]: You have an error in your SQL syntax; check the manual that corresponds to your MySQL server version for the right syntax to use near ')' at line 1
MySQL Query:SELECT *,fbc.cate_id FROM cf_fbcategory fbc WHERE cate_id IN()
Wrong File:  /Applications/MAMP/htdocs/mfd2/eccore/model/mysql.php[566]	/eccore/model/mysql.php	319
